<?xml version="1.0" encoding="UTF-8"?>
<testng-results ignored="0" total="1" passed="1" failed="0" skipped="0">
  <reporter-output>
  </reporter-output>
  <suite started-at="2024-07-17T14:46:08 IST" name="Default suite" finished-at="2024-07-17T14:46:56 IST" duration-ms="47977">
    <groups>
    </groups>
    <test started-at="2024-07-17T14:46:08 IST" name="Default test" finished-at="2024-07-17T14:46:56 IST" duration-ms="47977">
      <class name="TestLayer.LoginPageTest">
        <test-method is-config="true" signature="setUp()[pri:0, instance:TestLayer.LoginPageTest@6bd61f98]" started-at="2024-07-17T14:46:08 IST" name="setUp" finished-at="2024-07-17T14:46:55 IST" duration-ms="46681" status="PASS">
          <reporter-output>
          </reporter-output>
        </test-method> <!-- setUp -->
        <test-method signature="validate()[pri:0, instance:TestLayer.LoginPageTest@6bd61f98]" started-at="2024-07-17T14:46:55 IST" name="validate" finished-at="2024-07-17T14:46:56 IST" duration-ms="1052" status="PASS">
          <reporter-output>
          </reporter-output>
        </test-method> <!-- validate -->
      </class> <!-- TestLayer.LoginPageTest -->
    </test> <!-- Default test -->
  </suite> <!-- Default suite -->
</testng-results>
